[
  "llvm-as-14: ../../llm_to_IR/gpt_api_query/error_repeat/1/AES128_single_function1.ll:78:13: error: expected instruction opcode\n  %t0.rot = %t1.init\n            ^\n",
  "llvm-as-14: ../../llm_to_IR/gpt_api_query/error_repeat/1/AES128_single_function2.ll:205:3: error: multiple definition of local value named 'v1'\n  %v1  = load i8, i8* %p1, align 1\n  ^\n",
  "llvm-as-14: assembly parsed, but does not verify as correct!\nPHI node entries do not match predecessors!\n  %rconi.pass = phi i32 [ %rconi.phi, %expand_loop ]\nlabel %expand_loop\nlabel %after_subword\nInstruction does not dominate all uses!\n  %rconi.phi = phi i32 [ %rconi.next, %do_subword ], [ %rconi, %no_subword ]\n  %rconi.pass = phi i32 [ %rconi.phi, %expand_loop ]\nPHI node entries do not match predecessors!\n  %j0 = phi i32 [ 0, %ark0 ], [ %j0.inc, %ark0.loop ]\nlabel %ark0.loop\nlabel %ark0.body\nInstruction does not dominate all uses!\n  %j0.inc = add nuw nsw i32 %j0, 1\n  %j0 = phi i32 [ 0, %ark0 ], [ %j0.inc, %ark0.loop ]\nPHI node entries do not match predecessors!\n  %si = phi i32 [ 0, %round_subbytes ], [ %si.inc, %sb.loop ]\nlabel %sb.loop\nlabel %sb.body\nInstruction does not dominate all uses!\n  %si.inc = add nuw nsw i32 %si, 1\n  %si = phi i32 [ 0, %round_subbytes ], [ %si.inc, %sb.loop ]\nPHI node entries do not match predecessors!\n  %jj = phi i32 [ 0, %ark_round ], [ %jj.inc, %ark.loop ]\nlabel %ark.loop\nlabel %ark.body\nInstruction does not dominate all uses!\n  %jj.inc = add nuw nsw i32 %jj, 1\n  %jj = phi i32 [ 0, %ark_round ], [ %jj.inc, %ark.loop ]\nPHI node entries do not match predecessors!\n  %fi = phi i32 [ 0, %final_round ], [ %fi.inc, %fsb.loop ]\nlabel %fsb.loop\nlabel %fsb.body\nInstruction does not dominate all uses!\n  %fi.inc = add nuw nsw i32 %fi, 1\n  %fi = phi i32 [ 0, %final_round ], [ %fi.inc, %fsb.loop ]\nPHI node entries do not match predecessors!\n  %fj = phi i32 [ 0, %final_ark ], [ %fj.inc, %fark.loop ]\nlabel %fark.loop\nlabel %fark.body\nInstruction does not dominate all uses!\n  %fj.inc = add nuw nsw i32 %fj, 1\n  %fj = phi i32 [ 0, %final_ark ], [ %fj.inc, %fark.loop ]\nPHI node entries do not match predecessors!\n  %oi = phi i32 [ 0, %store_out ], [ %oi.inc, %out.loop ]\nlabel %out.loop\nlabel %out.body\nInstruction does not dominate all uses!\n  %oi.inc = add nuw nsw i32 %oi, 1\n  %oi = phi i32 [ 0, %store_out ], [ %oi.inc, %out.loop ]\n",
  "llvm-as-14: ../../llm_to_IR/gpt_api_query/error_repeat/1/DES_modular_function31.ll:62:16: error: expected type\n  %call = call dso_local i64 @permute(i64 %res64, i8* %p.ptr, i32 32, i32 32)\n               ^\n",
  "llvm-as-14: ../../llm_to_IR/gpt_api_query/error_repeat/1/DES_single_function1.ll:59:83: error: expected type\n  %sh.ptr = getelementptr inbounds [16 x i32], [16 x i32]* @SHIFTS_6, i64 0, i64 (zext i32 %rk.i to i64)\n                                                                                  ^\n",
  "llvm-as-14: ../../llm_to_IR/gpt_api_query/error_repeat/1/DES_single_function2.ll:224:13: error: expected instruction opcode\n  %L.next = %R\n            ^\n",
  "llvm-as-14: ../../llm_to_IR/gpt_api_query/error_repeat/1/insertionsort_function1.ll:17:13: error: expected instruction opcode\n  %j.init = %i\n            ^\n",
  "llvm-as-14: ../../llm_to_IR/gpt_api_query/error_repeat/1/mergesort_function1.ll:33:11: error: expected instruction opcode\n  %left = %i\n          ^\n",
  "llvm-as-14: ../../llm_to_IR/gpt_api_query/error_repeat/1/quicksort_function1.ll:15:13: error: expected instruction opcode\n  %i.init = %lo\n            ^\n",
  "llvm-as-14: ../../llm_to_IR/gpt_api_query/error_repeat/1/AES128_modular_main1.ll:22:13: error: floating point constant invalid for type\n  store i64 0xA6D2AE2816157E2B, i64* %key0, align 16\n            ^\n",
  "llvm-as-14: ../../llm_to_IR/gpt_api_query/error_repeat/1/AES128_single_main1.ll:5:48: error: constant expression type mismatch: got type '[5 x i8]' but expected '[4 x i8]'\n@.fmt = private unnamed_addr constant [4 x i8] c\"%02x\\00\", align 1\n                                               ^\n",
  "llvm-as-14: ../../llm_to_IR/gpt_api_query/error_repeat/1/AES128_single_main2.ll:22:13: error: floating point constant invalid for type\n  store i64 0xA6D2AE2816157E2B, i64* %key64, align 16\n            ^\n",
  "llvm-as-14: ../../llm_to_IR/gpt_api_query/error_repeat/1/BFS_main1.ll:88:34: error: expected type\n  %fmt1 = getelementptr inbounds ([21 x i8], [21 x i8]* @.str.bfs, i64 0, i64 0\n                                 ^\n",
  "llvm-as-14: ../../llm_to_IR/gpt_api_query/error_repeat/1/BFS_main2.ll:85:34: error: expected type\n  %fmt1 = getelementptr inbounds ([21 x i8], [21 x i8]* @.str.bfs, i64 0, i64 0)\n                                 ^\n",
  "llvm-as-14: ../../llm_to_IR/gpt_api_query/error_repeat/1/DES_modular_main1.ll:16:39: error: floating point constant invalid for type\n  %cipher = call i64 @des_encrypt(i64 0x0123456789ABCDEF, i64 0x133457799BBCDFF1)\n                                      ^\n",
  "llvm-as-14: ../../llm_to_IR/gpt_api_query/error_repeat/1/DES_single__main1.ll:14:35: error: floating point constant invalid for type\n  %ct = call i64 @des_encrypt(i64 0x0123456789ABCDEF, i64 0x133457799BBCDFF1)\n                                  ^\n",
  "llvm-as-14: ../../llm_to_IR/gpt_api_query/error_repeat/1/DES_single__main2.ll:15:33: error: expected type\n  %fmt = getelementptr inbounds ([21 x i8], [21 x i8]* @.str, i64 0, i64 0)\n                                ^\n",
  "llvm-as-14: ../../llm_to_IR/gpt_api_long/error_repeat/1/AES128_single_function1.ll:86:11: error: expected instruction opcode\n  %t0.r = %t1.in\n          ^\n",
  "llvm-as-14: ../../llm_to_IR/gpt_api_long/error_repeat/1/AES128_single_function2.ll:211:3: error: multiple definition of local value named 'v3'\n  %v3 = load i8, i8* %p3, align 1\n  ^\n",
  "llvm-as-14: ../../llm_to_IR/gpt_api_long/error_repeat/1/AES128_single_function3.ll:326:58: error: use of undefined value '%fsub.next'\n  %i.fsub = phi i32 [ 0, %final.entry ], [ %i.fsub.next, %fsub.next ]\n                                                         ^\n",
  "llvm-as-14: ../../llm_to_IR/gpt_api_long/error_repeat/1/AES128_single_function4.ll:188:55: error: use of undefined value '%sub.next'\n  %i.sub = phi i32 [ 0, %round.body ], [ %i.sub.next, %sub.next ]\n                                                      ^\n",
  "llvm-as-14: assembly parsed, but does not verify as correct!\nPHINode should have one entry for each predecessor of its parent basic block!\n  %v = phi i64 [ 0, %dequeue ], [ %v_next, %v_latch ]\nInstruction does not dominate all uses!\n  %tail_inc = add i64 %tail_cur, 1\n  %tail_next_mux = select i1 %enqueued, i64 %tail_inc, i64 %tail_cur\n",
  "llvm-as-14: ../../llm_to_IR/gpt_api_long/error_repeat/1/DES_modular_function61.ll:43:13: error: expected instruction opcode\n  %L.next = %R\n            ^\n",
  "llvm-as-14: ../../llm_to_IR/gpt_api_long/error_repeat/1/DES_single_function1.ll:259:12: error: expected instruction opcode\n  %f.out = %acc32.p\n           ^\n",
  "llvm-as-14: ../../llm_to_IR/gpt_api_long/error_repeat/1/DES_single_function2.ll:242:13: error: expected instruction opcode\n  %L.next = %R.enc\n            ^\n",
  "llvm-as-14: ../../llm_to_IR/gpt_api_long/error_repeat/1/quicksort_function1.ll:92:18: error: expected instruction opcode\n  %l.next.left = %i.scan.i\n                 ^\n",
  "llvm-as-14: ../../llm_to_IR/gpt_api_long/error_repeat/1/AES128_modular_main1.ll:37:13: error: floating point constant invalid for type\n  store i64 0xA6D2AE2816157E2B, i64* %key_i64, align 16\n            ^\n",
  "llvm-as-14: ../../llm_to_IR/gpt_api_long/error_repeat/1/AES128_single_main1.ll:10:50: error: constant expression type mismatch: got type '[5 x i8]' but expected '[4 x i8]'\n@.str.1 = private unnamed_addr constant [4 x i8] c\"%02x\\00\", align 1\n                                                 ^\n"
]